<?xml version="1.0" encoding="UTF-8"?>
<testng-results ignored="0" total="1" passed="1" failed="0" skipped="0">
  <reporter-output>
  </reporter-output>
  <suite started-at="2023-11-12T12:10:58 IST" name="Default suite" finished-at="2023-11-12T12:11:34 IST" duration-ms="36298">
    <groups>
    </groups>
    <test started-at="2023-11-12T12:10:58 IST" name="Default test" finished-at="2023-11-12T12:11:34 IST" duration-ms="36298">
      <class name="automationExercise.TestCase_26_ScrollUpwithoutarrow">
        <test-method is-config="true" signature="m()[pri:0, instance:automationExercise.TestCase_26_ScrollUpwithoutarrow@7c711375]" started-at="2023-11-12T12:10:58 IST" name="m" finished-at="2023-11-12T12:11:34 IST" duration-ms="35417" status="PASS">
          <reporter-output>
          </reporter-output>
        </test-method> <!-- m -->
        <test-method signature="ScrollUp()[pri:0, instance:automationExercise.TestCase_26_ScrollUpwithoutarrow@7c711375]" started-at="2023-11-12T12:11:34 IST" name="ScrollUp" finished-at="2023-11-12T12:11:34 IST" duration-ms="608" status="PASS">
          <reporter-output>
          </reporter-output>
        </test-method> <!-- ScrollUp -->
        <test-method is-config="true" signature="closeApp()[pri:0, instance:automationExercise.TestCase_26_ScrollUpwithoutarrow@7c711375]" started-at="2023-11-12T12:11:34 IST" name="closeApp" finished-at="2023-11-12T12:11:34 IST" duration-ms="180" status="PASS">
          <reporter-output>
          </reporter-output>
        </test-method> <!-- closeApp -->
      </class> <!-- automationExercise.TestCase_26_ScrollUpwithoutarrow -->
    </test> <!-- Default test -->
  </suite> <!-- Default suite -->
</testng-results>
